<?xml version="1.0" encoding="UTF-8"?>
<!-- Generated by org.testng.reporters.JUnitXMLReporter -->
<testsuite ignored="0" hostname="LAPTOP-9KNGN1IN" failures="2" tests="4" name="Test" time="15.112" errors="0" timestamp="2021-01-27T00:05:56 IST">
  <testcase classname="com.Extentreports.Test1" name="test1" time="0.018"/>
  <testcase classname="com.Extentreports.Test2" name="test2" time="0.02"/>
  <testcase classname="com.Extentreports.GoogleSearchTest" name="openGoogle" time="10.49">
    <failure type="java.lang.AssertionError" message="expected [XXX] but found [Google]">
      <![CDATA[java.lang.AssertionError: expected [XXX] but found [Google]
at com.Extentreports.GoogleSearchTest.openGoogle(GoogleSearchTest.java:39)
at java.base/java.util.concurrent.ThreadPoolExecutor.runWorker(ThreadPoolExecutor.java:1130)
at java.base/java.util.concurrent.ThreadPoolExecutor$Worker.run(ThreadPoolExecutor.java:630)
at java.base/java.lang.Thread.run(Thread.java:832)
... Removed 18 stack frames]]>
    </failure>
  </testcase> <!-- openGoogle -->
  <testcase classname="com.Extentreports.GoogleSearchTest" name="w3Schools" time="3.64">
    <failure type="java.lang.AssertionError" message="expected [YYY] but found [W3Schools Online Web Tutorials]">
      <![CDATA[java.lang.AssertionError: expected [YYY] but found [W3Schools Online Web Tutorials]
at com.Extentreports.GoogleSearchTest.w3Schools(GoogleSearchTest.java:53)
at java.base/java.util.concurrent.ThreadPoolExecutor.runWorker(ThreadPoolExecutor.java:1130)
at java.base/java.util.concurrent.ThreadPoolExecutor$Worker.run(ThreadPoolExecutor.java:630)
at java.base/java.lang.Thread.run(Thread.java:832)
... Removed 18 stack frames]]>
    </failure>
  </testcase> <!-- w3Schools -->
</testsuite> <!-- Test -->
